nohup: ignoring input
/home/karhan/.local/lib/python3.7/site-packages/scipy/stats/stats.py:2500: RuntimeWarning: invalid value encountered in true_divide
  return (a - mns) / sstd
/tartarus/karhan/RepLearningEngine/SINK.py:46: RuntimeWarning: invalid value encountered in true_divide
  result = np.divide(np.real(r), (np.linalg.norm(x) * np.linalg.norm(y)))
0
1
2
3
4
5
6
7
8
9
10
11
12
13
14
15
16
17
18
19
20
21
22
23
24
base  Results for rho =  1
iterations:  10.2
time:  5.4730785465240475
fdr =  0.03053110727683349 tpr =  0.938 fpr =  0.0037647058823529413 shd =  1.76 nnz =  19.4
0
1
2
3
4
5
6
7
8
9
10
11
12
13
14
15
16
17
18
19
20
21
22
23
24
base  Results for rho =  10
iterations:  9.64
time:  5.472472906112671
fdr =  0.029266285142446134 tpr =  0.94 fpr =  0.003529411764705882 shd =  1.68 nnz =  19.4
0
1
2
3
4
5
6
7
8
9
10
11
12
13
14
15
16
17
18
19
20
21
22
23
24
base  Results for rho =  100
iterations:  9.04
time:  5.217676467895508
fdr =  0.03053110727683349 tpr =  0.938 fpr =  0.0037647058823529413 shd =  1.76 nnz =  19.4
0
1
2
3
4
5
6
7
8
9
10
11
12
13
14
15
16
17
18
19
20
21
22
23
24
base  Results for rho =  1000
iterations:  8.48
time:  5.124159030914306
fdr =  0.042539012415173404 tpr =  0.93 fpr =  0.005176470588235294 shd =  2.04 nnz =  19.48
0
1
2
3
4
5
6
7
8
9
10
11
12
13
14
15
16
17
18
19
20
21
22
23
24
base  Results for rho =  10000
iterations:  7.56
time:  5.123957080841064
fdr =  0.06165878153494253 tpr =  0.914 fpr =  0.0075294117647058826 shd =  2.64 nnz =  19.56
0
1
2
3
4
5
6
7
8
9
10
11
12
13
14
15
16
17
18
19
20
21
22
23
24
base  Results for rho =  100000
iterations:  7.04
time:  5.327944478988647
fdr =  0.09009438965933782 tpr =  0.91 fpr =  0.01176470588235294 shd =  3.16 nnz =  20.2
0
1
2
3
4
5
6
7
8
9
10
11
12
13
14
15
16
17
18
19
20
21
22
23
24
true  Results for rho =  1
iterations:  10.12
time:  5.364136924743653
fdr =  0.03053110727683349 tpr =  0.938 fpr =  0.0037647058823529413 shd =  1.76 nnz =  19.4
0
1
2
3
4
5
6
7
8
9
10
11
12
13
14
15
16
17
18
19
20
21
22
23
24
true  Results for rho =  10
iterations:  9.72
time:  5.426226453781128
fdr =  0.029266285142446134 tpr =  0.94 fpr =  0.003529411764705882 shd =  1.68 nnz =  19.4
0
1
2
3
4
5
6
7
8
9
10
11
12
13
14
15
16
17
18
19
20
21
22
23
24
true  Results for rho =  100
iterations:  9.28
time:  5.366405181884765
fdr =  0.025076561822288033 tpr =  0.94 fpr =  0.003058823529411765 shd =  1.64 nnz =  19.32
0
1
2
3
4
5
6
7
8
9
10
11
12
13
14
15
16
17
18
19
20
21
22
23
24
true  Results for rho =  1000
iterations:  8.6
time:  5.053127307891845
fdr =  0.020722197650990218 tpr =  0.946 fpr =  0.002352941176470588 shd =  1.36 nnz =  19.32
0
1
2
3
4
5
6
7
8
9
10
11
12
13
14
15
16
17
18
19
20
21
22
23
24
true  Results for rho =  10000
iterations:  7.52
time:  4.98824517250061
fdr =  0.04704983492599592 tpr =  0.9259999999999999 fpr =  0.005647058823529411 shd =  2.16 nnz =  19.48
0
1
2
3
4
5
6
7
8
9
10
11
12
13
14
15
16
17
18
19
20
21
22
23
24
true  Results for rho =  100000
iterations:  7.08
time:  5.426287221908569
fdr =  0.04683639619081805 tpr =  0.93 fpr =  0.005647058823529411 shd =  2.0 nnz =  19.56
0
0
1
2
gamma =  20
1
0
1
2
3
gamma =  20
2
0
1
2
gamma =  20
3
0
1
2
gamma =  20
4
0
1
gamma =  20
5
0
1
gamma =  20
6
0
1
2
gamma =  20
7
0
1
2
gamma =  20
8
0
1
2
gamma =  20
9
0
1
2
3
gamma =  20
10
0
1
2
gamma =  20
11
0
1
2
gamma =  20
12
0
1
2
gamma =  20
13
0
1
gamma =  20
14
0
1
2
3
gamma =  13
15
0
1
2
gamma =  20
16
0
1
2
gamma =  20
17
0
1
2
3
gamma =  20
18
0
1
2
gamma =  20
19
0
1
2
3
gamma =  20
20
0
1
2
gamma =  20
21
0
1
gamma =  20
22
0
1
2
3
gamma =  20
23
0
1
2
gamma =  20
24
0
1
2
3
gamma =  20
grail  Results for rho =  1
iterations:  10.2
time:  5.365323152542114
fdr =  0.03053110727683349 tpr =  0.938 fpr =  0.0037647058823529413 shd =  1.76 nnz =  19.4
0
0
1
2
gamma =  20
1
0
1
2
3
gamma =  20
2
0
1
2
gamma =  20
3
0
1
2
gamma =  20
4
0
1
gamma =  20
5
0
1
gamma =  20
6
0
1
2
gamma =  20
7
0
1
2
gamma =  20
8
0
1
2
gamma =  20
9
0
1
2
3
gamma =  20
10
0
1
2
gamma =  20
11
0
1
2
gamma =  20
12
0
1
2
gamma =  20
13
0
1
gamma =  20
14
0
1
2
3
gamma =  13
15
0
1
2
gamma =  20
16
0
1
2
gamma =  20
17
0
1
2
3
gamma =  20
18
0
1
2
gamma =  20
19
0
1
2
3
gamma =  20
20
0
1
2
gamma =  20
21
0
1
gamma =  20
22
0
1
2
3
gamma =  20
23
0
1
2
gamma =  20
24
0
1
2
3
gamma =  20
grail  Results for rho =  10
iterations:  9.68
time:  5.0648643684387205
fdr =  0.029266285142446134 tpr =  0.938 fpr =  0.003529411764705882 shd =  1.72 nnz =  19.36
0
0
1
2
gamma =  20
1
0
1
2
3
gamma =  20
2
0
1
2
gamma =  20
3
0
1
2
gamma =  20
4
0
1
gamma =  20
5
0
1
gamma =  20
6
0
1
2
gamma =  20
7
0
1
2
gamma =  20
8
0
1
2
gamma =  20
9
0
1
2
3
gamma =  20
10
0
1
2
gamma =  20
11
0
1
2
gamma =  20
12
0
1
2
gamma =  20
13
0
1
gamma =  20
14
0
1
2
3
gamma =  13
15
0
1
2
gamma =  20
16
0
1
2
gamma =  20
17
0
1
2
3
gamma =  20
18
0
1
2
gamma =  20
19
0
1
2
3
gamma =  20
20
0
1
2
gamma =  20
21
0
1
gamma =  20
22
0
1
2
3
gamma =  20
23
0
1
2
gamma =  20
24
0
1
2
3
gamma =  20
grail  Results for rho =  100
iterations:  9.24
time:  5.125971021652222
fdr =  0.03053110727683349 tpr =  0.938 fpr =  0.0037647058823529413 shd =  1.76 nnz =  19.4
0
0
1
2
gamma =  20
1
0
1
2
3
gamma =  20
2
0
1
2
gamma =  20
3
0
1
2
gamma =  20
4
0
1
gamma =  20
5
0
1
gamma =  20
6
0
1
2
gamma =  20
7
0
1
2
gamma =  20
8
0
1
2
gamma =  20
9
0
1
2
3
gamma =  20
10
0
1
2
gamma =  20
11
0
1
2
gamma =  20
12
0
1
2
gamma =  20
13
0
1
gamma =  20
14
0
1
2
3
gamma =  13
15
0
1
2
gamma =  20
16
0
1
2
gamma =  20
17
0
1
2
3
gamma =  20
18
0
1
2
gamma =  20
19
0
1
2
3
gamma =  20
20
0
1
2
gamma =  20
21
0
1
gamma =  20
22
0
1
2
3
gamma =  20
23
0
1
2
gamma =  20
24
0
1
2
3
gamma =  20
grail  Results for rho =  1000
iterations:  8.56
time:  5.241923961639404
fdr =  0.037266285142446134 tpr =  0.9339999999999999 fpr =  0.004470588235294118 shd =  1.88 nnz =  19.44
0
0
1
2
gamma =  20
1
0
1
2
3
gamma =  20
2
0
1
2
gamma =  20
3
0
1
2
gamma =  20
4
0
1
gamma =  20
5
0
1
gamma =  20
6
0
1
2
gamma =  20
7
0
1
2
gamma =  20
8
0
1
2
gamma =  20
9
0
1
2
3
gamma =  20
10
0
1
2
gamma =  20
11
0
1
2
gamma =  20
12
0
1
2
gamma =  20
13
0
1
gamma =  20
14
0
1
2
3
gamma =  13
15
0
1
2
gamma =  20
16
0
1
2
gamma =  20
17
0
1
2
3
gamma =  20
18
0
1
2
gamma =  20
19
0
1
2
3
gamma =  20
20
0
1
2
gamma =  20
21
0
1
gamma =  20
22
0
1
2
3
gamma =  20
23
0
1
2
gamma =  20
24
0
1
2
3
gamma =  20
grail  Results for rho =  10000
iterations:  7.4
time:  4.9065357685089115
fdr =  0.07742689747697151 tpr =  0.9099999999999998 fpr =  0.009647058823529411 shd =  2.92 nnz =  19.84
0
0
1
2
gamma =  20
1
0
1
2
3
gamma =  20
2
0
1
2
gamma =  20
3
0
1
2
gamma =  20
4
0
1
gamma =  20
5
0
1
gamma =  20
6
0
1
2
gamma =  20
7
0
1
2
gamma =  20
8
0
1
2
gamma =  20
9
0
1
2
3
gamma =  20
10
0
1
2
gamma =  20
11
0
1
2
gamma =  20
12
0
1
2
gamma =  20
13
0
1
gamma =  20
14
0
1
2
3
gamma =  13
15
0
1
2
gamma =  20
16
0
1
2
gamma =  20
17
0
1
2
3
gamma =  20
18
0
1
2
gamma =  20
19
0
1
2
3
gamma =  20
20
0
1
2
gamma =  20
21
0
1
gamma =  20
22
0
1
2
3
gamma =  20
23
0
1
2
gamma =  20
24
0
1
2
3
gamma =  20
grail  Results for rho =  100000
iterations:  7.12
time:  5.016453952789306
fdr =  0.10031243477211978 tpr =  0.9039999999999999 fpr =  0.012705882352941178 shd =  3.32 nnz =  20.24
